  0:00 ------------------------------------------------------------
  0:00 InitGame: \com_protocol\71\g_lms_mode\0\elimination_roundtime\120\g_delagHitscan\0\g_voteMinFraglimit\0\g_voteMaxFraglimit\0\g_voteMinTimelimit\0\g_voteMaxTimelimit\1000\g_voteGametypes\/0/1/3/4/5/6/7/8/9/10/11/12/\g_allowVote\1\capturelimit\0\videoflags\7\g_maxGameClients\0\g_doWarmup\0\sv_maxclients\9\timelimit\0\fraglimit\20\dmflags\0\sv_hostname\noname\sv_minRate\0\sv_maxRate\0\sv_dlRate\100\sv_minPing\0\sv_maxPing\0\sv_floodProtect\1\g_redTeam\Stroggs\g_blueTeam\Pagans\version\ioq3 1.36+u20160122+dfsg1-1/Ubuntu linux-x86_64 Jan 22 2016\com_gamename\Quake3Arena\g_gametype\0\mapname\suspended\sv_privateClients\0\sv_allowDownload\1\bot_minplayers\0\gamename\baseoa\elimflags\0\voteflags\767\g_needpass\0\g_obeliskRespawnDelay\10\g_enableDust\0\g_enableBreath\0\g_rockets\0\g_instantgib\0\g_altExcellent\0\g_timestamp\2019-12-10 16:28:29
  0:00 Info: ServerInfo length: 836 of 1024
  0:00 ClientUserinfoChanged: 0 n\spasz\t\0\model\assassin/ghost\hmodel\assassin/ghost\g_redteam\\g_blueteam\\c1\6\c2\5\hc\100\w\0\l\0\tt\0\tl\0\id\311EEDD06FF67EB3FDECB4D71E07EE7B
  0:00 ClientConnect: 0
  0:00 ClientUserinfoChanged: 1 n\S_Marine\t\0\model\smarine/orange\hmodel\smarine/orange\c1\4\c2\5\hc\70\w\0\l\0\skill\ 2.00\tt\0\tl\0\id\
  0:00 ClientConnect: 1
  0:00 Info: There has been at least 1 bot now
  0:00 Playerstore: Failed to restore player. Invalid guid: 
  0:00 ClientBegin: 1
  0:00 ClientUserinfoChanged: 2 n\Kyonshi\t\0\model\kyonshi\hmodel\kyonshi\c1\4\c2\5\hc\70\w\0\l\0\skill\ 2.00\tt\0\tl\0\id\
  0:00 ClientConnect: 2
  0:00 Playerstore: Failed to restore player. Invalid guid: 
  0:00 ClientBegin: 2
  0:00 ClientUserinfoChanged: 3 n\Skelebot\t\0\model\skelebot\hmodel\skelebot\c1\4\c2\5\hc\70\w\0\l\0\skill\ 2.00\tt\0\tl\0\id\
  0:00 ClientConnect: 3
  0:00 Playerstore: Failed to restore player. Invalid guid: 
  0:00 ClientBegin: 3
  0:00 ClientUserinfoChanged: 4 n\Grunt\t\0\model\smarine\hmodel\smarine\c1\4\c2\5\hc\70\w\0\l\0\skill\ 2.00\tt\0\tl\0\id\
  0:00 ClientConnect: 4
  0:00 Playerstore: Failed to restore player. Invalid guid: 
  0:00 ClientBegin: 4
  0:00 ClientUserinfoChanged: 5 n\Merman\t\0\model\merman\hmodel\merman\c1\4\c2\5\hc\70\w\0\l\0\skill\ 2.00\tt\0\tl\0\id\
  0:00 ClientConnect: 5
  0:00 Playerstore: Failed to restore player. Invalid guid: 
  0:00 ClientBegin: 5
  0:00 ClientUserinfoChanged: 6 n\Kyonshi\t\0\model\kyonshi\hmodel\kyonshi\c1\4\c2\5\hc\70\w\0\l\0\skill\ 2.00\tt\0\tl\0\id\
  0:00 ClientConnect: 6
  0:00 Playerstore: Failed to restore player. Invalid guid: 
  0:00 ClientBegin: 6
  0:00 ClientUserinfoChanged: 0 n\spasz\t\0\model\assassin/ghost\hmodel\assassin/ghost\g_redteam\\g_blueteam\\c1\6\c2\5\hc\100\w\0\l\0\tt\0\tl\0\id\311EEDD06FF67EB3FDECB4D71E07EE7B
  0:00 ClientUserinfoChanged: 0 n\spasz\t\0\model\assassin/ghost\hmodel\assassin/ghost\g_redteam\\g_blueteam\\c1\6\c2\5\hc\100\w\0\l\0\tt\0\tl\0\id\311EEDD06FF67EB3FDECB4D71E07EE7B
  0:00 Playerstore: Nothing to restore. Guid: 311EEDD06FF67EB3FDECB4D71E07EE7B
  0:00 ClientBegin: 0
  0:01 Item: 6 ammo_shells
  0:01 Item: 3 ammo_cells
  0:01 Item: 1 weapon_shotgun
  0:01 Item: 3 ammo_cells
  0:01 Item: 5 ammo_lightning
  0:01 Item: 2 weapon_shotgun
  0:02 Item: 3 weapon_plasmagun
  0:02 Item: 1 ammo_shells
  0:02 Item: 2 ammo_shells
  0:02 Item: 2 ammo_shells
  0:02 Item: 5 weapon_lightning
  0:02 Item: 6 ammo_shells
  0:02 Item: 5 ammo_lightning
  0:03 Item: 5 ammo_lightning
  0:03 Item: 0 ammo_slugs
  0:03 Item: 6 weapon_shotgun
  0:03 Item: 1 ammo_shells
  0:03 Item: 0 ammo_slugs
  0:03 Item: 3 ammo_cells
  0:04 Item: 1 ammo_shells
  0:04 Item: 6 ammo_shells
  0:07 Item: 0 weapon_railgun
  0:08 Kill: 5 4 11: Merman killed Grunt by MOD_LIGHTNING
  0:08 PlayerScore: 5 1: Merman now has 1 points
  0:08 Item: 3 ammo_rockets
  0:08 Item: 0 item_armor_body
  0:09 Item: 3 ammo_rockets
  0:10 Item: 1 ammo_cells
  0:11 Item: 4 weapon_lightning
  0:12 Item: 2 ammo_slugs
  0:12 Kill: 1 6 3: S_Marine killed Kyonshi by MOD_MACHINEGUN
  0:12 PlayerScore: 1 1: S_Marine now has 1 points
  0:12 Item: 2 ammo_slugs
  0:14 Item: 0 weapon_railgun
  0:14 Item: 3 ammo_cells
  0:14 Item: 5 ammo_rockets
  0:14 Item: 5 weapon_rocketlauncher
  0:15 Kill: 1 2 1: S_Marine killed Kyonshi by MOD_SHOTGUN
  0:15 PlayerScore: 1 2: S_Marine now has 2 points
  0:15 Award: 1 1: S_Marine gained the EXCELLENT award!
  0:15 Item: 3 weapon_plasmagun
  0:15 Item: 5 ammo_rockets
  0:15 Item: 5 ammo_rockets
  0:15 Item: 3 ammo_cells
  0:16 Item: 1 weapon_shotgun
  0:16 Item: 3 ammo_cells
  0:17 Item: 1 weapon_shotgun
  0:18 Kill: 0 2 10: spasz killed Kyonshi by MOD_RAILGUN
  0:18 PlayerScore: 0 1: spasz now has 1 points
  0:19 Item: 6 weapon_rocketlauncher
  0:20 Kill: 4 5 11: Grunt killed Merman by MOD_LIGHTNING
  0:20 PlayerScore: 4 1: Grunt now has 1 points
  0:20 Item: 6 ammo_rockets
  0:21 Item: 2 weapon_plasmagun
  0:21 Item: 4 item_health
  0:23 Kill: 0 3 10: spasz killed Skelebot by MOD_RAILGUN
  0:23 PlayerScore: 0 2: spasz now has 2 points
  0:23 Award: 0 2: spasz gained the IMPRESSIVE award!
  0:24 Item: 4 weapon_lightning
  0:25 Item: 0 weapon_plasmagun
  0:26 Item: 5 weapon_plasmagun
  0:28 Item: 0 ammo_shells
  0:28 Item: 0 weapon_shotgun
  0:28 Item: 6 weapon_lightning
  0:29 Item: 4 item_health_large
  0:31 Kill: 0 4 10: spasz killed Grunt by MOD_RAILGUN
  0:31 PlayerScore: 0 3: spasz now has 3 points
  0:33 say: Grunt: I thought I would hear it.
  0:34 Item: 2 weapon_lightning
  0:35 Item: 5 weapon_rocketlauncher
  0:35 Kill: 1 3 19: S_Marine killed Skelebot by MOD_FALLING
  0:35 PlayerScore: 1 3: S_Marine now has 3 points
  0:38 Kill: 0 6 10: spasz killed Kyonshi by MOD_RAILGUN
  0:38 PlayerScore: 0 4: spasz now has 4 points
  0:38 Item: 3 weapon_shotgun
  0:38 Item: 5 item_health
  0:39 Item: 2 weapon_rocketlauncher
  0:40 say: Kyonshi: That isn't the best way to a girl's heart.
  0:41 Item: 6 weapon_shotgun
  0:42 Item: 3 ammo_cells
  0:44 Item: 2 weapon_plasmagun
  0:46 Kill: 2 2 7: Kyonshi killed Kyonshi by MOD_ROCKET_SPLASH
  0:46 Kill: 1022 6 22: <world> killed Kyonshi by MOD_TRIGGER_HURT
  0:48 say: Kyonshi: I hate life.
  0:49 Item: 2 ammo_cells
  0:49 Item: 2 ammo_cells
  0:49 Item: 2 weapon_plasmagun
  0:50 Item: 2 ammo_cells
  0:51 Kill: 0 3 10: spasz killed Skelebot by MOD_RAILGUN
  0:51 PlayerScore: 0 5: spasz now has 5 points
  0:53 Item: 0 weapon_shotgun
  0:54 Kill: 1022 5 22: <world> killed Merman by MOD_TRIGGER_HURT
  0:54 PlayerScore: 5 0: Merman now has 0 points
  0:55 Item: 2 weapon_rocketlauncher
  0:56 say: Merman: *sigh*
  0:57 Kill: 0 2 1: spasz killed Kyonshi by MOD_SHOTGUN
  0:57 PlayerScore: 0 6: spasz now has 6 points
  0:57 Item: 5 weapon_plasmagun
  0:58 Item: 0 weapon_rocketlauncher
  0:59 Item: 2 ammo_shells
  1:00 Item: 2 weapon_shotgun
  1:00 Kill: 5 6 8: Merman killed Kyonshi by MOD_PLASMA
  1:00 PlayerScore: 5 1: Merman now has 1 points
  1:00 Item: 2 ammo_shells
  1:01 Item: 2 ammo_shells
  1:02 Item: 6 ammo_lightning
  1:03 Item: 6 ammo_lightning
  1:03 Item: 6 weapon_lightning
  1:04 Item: 6 ammo_lightning
  1:04 Kill: 0 5 8: spasz killed Merman by MOD_PLASMA
  1:04 PlayerScore: 0 7: spasz now has 7 points
  1:06 Item: 0 weapon_plasmagun
  1:06 Item: 3 weapon_rocketlauncher
  1:07 Item: 3 ammo_rockets
  1:07 Item: 3 ammo_rockets
  1:08 Item: 2 ammo_slugs
  1:09 Item: 5 ammo_slugs
  1:09 Item: 2 ammo_slugs
  1:09 Item: 5 ammo_slugs
  1:10 Item: 3 item_health
  1:10 Item: 0 weapon_plasmagun
  1:11 Item: 3 item_quad
  1:13 Item: 0 ammo_rockets
  1:13 Item: 0 ammo_rockets
  1:14 Item: 0 ammo_rockets
  1:17 Item: 2 item_health_large
  1:17 Kill: 1022 3 22: <world> killed Skelebot by MOD_TRIGGER_HURT
  1:17 Item: 0 weapon_shotgun
  1:18 Item: 0 ammo_shells
  1:18 Item: 0 ammo_shells
  1:19 Item: 3 weapon_shotgun
  1:21 Item: 6 weapon_rocketlauncher
  1:22 Item: 0 weapon_shotgun
  1:23 Item: 2 ammo_shells
  1:24 Item: 6 item_health
  1:24 Item: 2 ammo_shells
  1:24 Item: 2 ammo_shells
  1:24 Item: 6 item_health
  1:28 Kill: 3 4 1: Skelebot killed Grunt by MOD_SHOTGUN
  1:28 PlayerScore: 3 1: Skelebot now has 1 points
  1:28 Item: 6 ammo_cells
  1:28 Item: 6 weapon_plasmagun
  1:28 Item: 6 ammo_cells
  1:30 say: Grunt: Oh please, my grandfather could do better than that.
  1:30 Item: 4 ammo_cells
  1:35 Item: 5 weapon_shotgun
  1:38 Kill: 6 5 8: Kyonshi killed Merman by MOD_PLASMA
  1:38 PlayerScore: 6 1: Kyonshi now has 1 points
  1:39 Item: 0 item_health_large
  1:40 say: Merman: Sissy
  1:41 Item: 4 ammo_rockets
  1:41 Item: 5 weapon_lightning
  1:42 Item: 4 ammo_rockets
  1:43 Item: 4 weapon_rocketlauncher
  1:44 Item: 4 ammo_rockets
  1:46 Item: 2 ammo_cells
  1:47 Item: 2 ammo_cells
  1:50 Item: 6 ammo_slugs
  1:52 Kill: 4 2 6: Grunt killed Kyonshi by MOD_ROCKET
  1:52 PlayerScore: 4 2: Grunt now has 2 points
  1:54 say: Kyonshi: Typical, flat on my back and I cannot feel a thing.
  1:54 Item: 0 ammo_cells
  1:56 Item: 2 ammo_slugs
  1:56 Item: 5 ammo_rockets
  1:56 Kill: 1 6 1: S_Marine killed Kyonshi by MOD_SHOTGUN
  1:56 PlayerScore: 1 4: S_Marine now has 4 points
  1:56 Item: 2 ammo_slugs
  1:56 Kill: 0 2 10: spasz killed Kyonshi by MOD_RAILGUN
  1:56 PlayerScore: 0 8: spasz now has 8 points
  1:56 Award: 0 2: spasz gained the IMPRESSIVE award!
  1:57 Item: 5 ammo_rockets
  1:58 Item: 4 ammo_cells
  1:58 Item: 5 weapon_rocketlauncher
  1:58 Item: 4 weapon_plasmagun
  1:59 Item: 5 ammo_rockets
  1:59 Item: 2 weapon_plasmagun
  1:59 Item: 4 ammo_cells
  1:59 Item: 4 ammo_cells
  1:59 Kill: 0 6 10: spasz killed Kyonshi by MOD_RAILGUN
  1:59 PlayerScore: 0 9: spasz now has 9 points
  1:59 Award: 0 1: spasz gained the EXCELLENT award!
  2:01 say: Kyonshi: Oh well, camper's have rights too
  2:04 Item: 6 ammo_rockets
  2:05 Kill: 0 1 10: spasz killed S_Marine by MOD_RAILGUN
  2:05 PlayerScore: 0 10: spasz now has 10 points
  2:05 Award: 0 2: spasz gained the IMPRESSIVE award!
  2:05 Item: 6 ammo_rockets
  2:05 Item: 2 item_health
  2:05 Item: 2 item_health
  2:06 Item: 6 ammo_rockets
  2:07 say: S_Marine: May you dream of leilol's mother for the rest of your rotten life!
  2:09 Item: 2 weapon_rocketlauncher
  2:10 Item: 6 ammo_slugs
  2:12 Item: 2 item_health
  2:13 Item: 1 ammo_shells
  2:13 Item: 4 ammo_shells
  2:14 Item: 1 ammo_shells
  2:14 Item: 4 weapon_shotgun
  2:14 Item: 1 ammo_shells
  2:15 Item: 4 ammo_shells
  2:15 Item: 4 ammo_shells
  2:15 Item: 1 weapon_shotgun
  2:16 Item: 2 weapon_lightning
  2:16 Item: 2 ammo_lightning
  2:17 Item: 2 ammo_lightning
  2:18 Kill: 0 1 10: spasz killed S_Marine by MOD_RAILGUN
  2:18 PlayerScore: 0 11: spasz now has 11 points
  2:20 Item: 0 weapon_shotgun
  2:21 Item: 1 ammo_lightning
  2:22 Item: 1 weapon_lightning
  2:24 Kill: 1022 4 22: <world> killed Grunt by MOD_TRIGGER_HURT
  2:24 PlayerScore: 4 1: Grunt now has 1 points
  2:24 Kill: 0 5 10: spasz killed Merman by MOD_RAILGUN
  2:24 PlayerScore: 0 12: spasz now has 12 points
  2:26 say: Grunt: I give up.
  2:26 say: Merman: Hehe... the safety was on.
  2:27 Item: 0 ammo_cells
  2:27 Item: 5 weapon_shotgun
  2:27 Item: 0 ammo_cells
  2:28 Item: 0 weapon_rocketlauncher
  2:31 Item: 1 weapon_rocketlauncher
  2:33 Kill: 0 2 8: spasz killed Kyonshi by MOD_PLASMA
  2:33 PlayerScore: 0 13: spasz now has 13 points
  2:34 Item: 5 weapon_plasmagun
  2:34 Item: 5 ammo_cells
  2:35 Item: 5 ammo_cells
  2:36 say: Kyonshi: You are obviously a misogynist.
  2:36 Item: 0 weapon_plasmagun
  2:36 Item: 5 ammo_cells
  2:38 Item: 0 ammo_cells
  2:39 Item: 2 ammo_slugs
  2:40 Item: 2 ammo_slugs
  2:40 Item: 4 weapon_lightning
  2:43 Item: 1 item_health_large
  2:46 Kill: 1 5 11: S_Marine killed Merman by MOD_LIGHTNING
  2:46 PlayerScore: 1 5: S_Marine now has 5 points
  2:49 Item: 5 weapon_lightning
  2:49 Item: 1 weapon_plasmagun
  2:49 Kill: 6 3 2: Kyonshi killed Skelebot by MOD_GAUNTLET
  2:49 PlayerScore: 6 2: Kyonshi now has 2 points
  2:49 Award: 6 0: Kyonshi gained the GAUNTLET award!
  2:51 Item: 4 weapon_rocketlauncher
  2:52 Item: 4 ammo_rockets
  2:52 Item: 4 ammo_rockets
  2:55 Item: 1 weapon_shotgun
  2:55 Item: 1 ammo_shells
  2:55 Item: 1 ammo_shells
  2:56 Kill: 1 0 1: S_Marine killed spasz by MOD_SHOTGUN
  2:56 PlayerScore: 1 6: S_Marine now has 6 points
  2:57 Item: 1 ammo_shells
  2:58 Item: 4 weapon_plasmagun
  2:58 Item: 3 weapon_rocketlauncher
  2:58 Item: 3 ammo_rockets
  2:59 Item: 3 ammo_rockets
  2:59 Item: 1 weapon_plasmagun
  3:00 Item: 0 ammo_slugs
  3:01 Item: 0 ammo_slugs
  3:04 Item: 5 ammo_rockets
  3:04 Item: 5 weapon_rocketlauncher
  3:09 Item: 0 ammo_rockets
  3:09 Item: 0 weapon_rocketlauncher
  3:10 Item: 5 weapon_plasmagun
  3:11 Kill: 1 6 1: S_Marine killed Kyonshi by MOD_SHOTGUN
  3:11 PlayerScore: 1 7: S_Marine now has 7 points
  3:12 Item: 4 ammo_cells
  3:13 say: Kyonshi: I can fake this too.
  3:13 Item: 4 ammo_cells
  3:13 Item: 6 ammo_shells
  3:14 Item: 6 ammo_shells
  3:14 Item: 6 weapon_shotgun
  3:15 Item: 6 ammo_shells
  3:16 Item: 0 weapon_rocketlauncher
  3:22 Item: 6 ammo_slugs
  3:22 Item: 6 ammo_slugs
  3:22 Item: 4 item_quad
  3:23 Item: 3 weapon_shotgun
  3:25 Item: 4 item_health
  3:25 Kill: 6 2 1: Kyonshi killed Kyonshi by MOD_SHOTGUN
  3:25 PlayerScore: 6 3: Kyonshi now has 3 points
  3:25 Kill: 0 5 7: spasz killed Merman by MOD_ROCKET_SPLASH
  3:25 PlayerScore: 0 14: spasz now has 14 points
  3:27 Item: 0 weapon_plasmagun
  3:27 say: Merman: Sissy
  3:27 say: Kyonshi: Here I am flat on my back again... still no feeling.
  3:29 Item: 5 ammo_cells
  3:29 Item: 4 item_health
  3:29 Item: 5 weapon_plasmagun
  3:29 Item: 5 ammo_cells
  3:30 Item: 5 ammo_cells
  3:32 Kill: 1 2 1: S_Marine killed Kyonshi by MOD_SHOTGUN
  3:32 PlayerScore: 1 8: S_Marine now has 8 points
  3:34 Kill: 1022 4 22: <world> killed Grunt by MOD_TRIGGER_HURT
  3:34 PlayerScore: 4 0: Grunt now has 0 points
  3:34 Item: 0 item_health
  3:35 Item: 2 ammo_lightning
  3:36 say: Grunt: I give up.
  3:36 Item: 2 weapon_lightning
  3:36 Item: 2 ammo_lightning
  3:37 Item: 4 weapon_plasmagun
  3:39 Item: 0 item_health
  3:40 Item: 2 ammo_rockets
  3:43 Item: 5 item_health
  3:44 Item: 3 ammo_slugs
  3:45 Item: 3 ammo_slugs
  3:47 Kill: 0 2 22: spasz killed Kyonshi by MOD_TRIGGER_HURT
  3:47 PlayerScore: 0 15: spasz now has 15 points
  3:48 Item: 4 ammo_lightning
  3:49 Item: 4 weapon_lightning
  3:49 Item: 5 item_health
  3:49 Item: 2 weapon_shotgun
  3:50 Item: 2 ammo_shells
  3:50 Item: 2 ammo_shells
  3:50 Kill: 3 1 1: Skelebot killed S_Marine by MOD_SHOTGUN
  3:50 PlayerScore: 3 2: Skelebot now has 2 points
  3:50 Item: 3 weapon_shotgun
  3:52 say: S_Marine: took you long enough...
  3:52 Item: 5 weapon_rocketlauncher
  3:53 Item: 5 ammo_rockets
  3:53 Item: 5 ammo_rockets
  3:53 Item: 1 ammo_shells
  3:54 Kill: 6 3 1: Kyonshi killed Skelebot by MOD_SHOTGUN
  3:54 PlayerScore: 6 4: Kyonshi now has 4 points
  3:54 Item: 4 item_health
  3:54 Item: 4 item_health
  3:55 Item: 5 ammo_rockets
  3:56 Item: 0 item_health_large
  4:00 Item: 3 ammo_rockets
  4:00 Item: 4 ammo_rockets
  4:01 Item: 3 weapon_rocketlauncher
  4:02 Item: 0 item_health
  4:03 Item: 0 item_health
  4:04 Item: 5 weapon_lightning
  4:04 Kill: 4 3 11: Grunt killed Skelebot by MOD_LIGHTNING
  4:04 PlayerScore: 4 1: Grunt now has 1 points
  4:04 Item: 4 weapon_rocketlauncher
  4:05 Item: 4 item_health
  4:05 Item: 0 weapon_rocketlauncher
  4:06 Item: 3 ammo_cells
  4:06 Item: 3 ammo_cells
  4:07 Item: 3 weapon_plasmagun
  4:08 Kill: 4 1 6: Grunt killed S_Marine by MOD_ROCKET
  4:08 PlayerScore: 4 2: Grunt now has 2 points
  4:08 Item: 3 ammo_cells
  4:08 Item: 4 weapon_plasmagun
  4:11 Kill: 1022 5 22: <world> killed Merman by MOD_TRIGGER_HURT
  4:11 PlayerScore: 5 0: Merman now has 0 points
  4:12 Item: 1 ammo_slugs
  4:13 Item: 1 ammo_slugs
  4:13 Item: 6 weapon_railgun
  4:13 say: Merman: Aww crap!
  4:13 Item: 4 item_health_large
  4:13 Item: 0 ammo_cells
  4:14 Item: 0 weapon_plasmagun
  4:14 Item: 0 ammo_cells
  4:14 Item: 0 ammo_cells
  4:18 Item: 4 weapon_shotgun
  4:21 Item: 6 weapon_rocketlauncher
  4:24 Item: 1 ammo_rockets
  4:24 Item: 1 ammo_rockets
  4:25 Item: 6 item_health
  4:25 Item: 6 item_health
  4:25 Item: 3 weapon_plasmagun
  4:25 Item: 1 ammo_rockets
  4:26 Kill: 4 2 6: Grunt killed Kyonshi by MOD_ROCKET
  4:26 PlayerScore: 4 3: Grunt now has 3 points
  4:26 Item: 4 ammo_slugs
  4:26 Item: 0 weapon_shotgun
  4:27 Item: 4 ammo_slugs
  4:28 say: Kyonshi: That isn't going to get me to say yes.
  4:28 Item: 1 weapon_plasmagun
  4:30 Item: 0 ammo_cells
  4:30 Item: 0 ammo_cells
  4:31 Item: 6 ammo_lightning
  4:31 Item: 0 ammo_cells
  4:31 Item: 6 weapon_lightning
  4:31 Item: 6 ammo_lightning
  4:34 Item: 1 weapon_rocketlauncher
  4:34 Kill: 0 2 6: spasz killed Kyonshi by MOD_ROCKET
  4:34 PlayerScore: 0 16: spasz now has 16 points
  4:34 Item: 3 weapon_shotgun
  4:34 Item: 1 ammo_rockets
  4:35 Item: 3 ammo_shells
  4:35 Item: 3 ammo_shells
  4:37 Item: 1 item_health
  4:39 Item: 6 item_health
  4:39 Item: 6 item_health
  4:39 Item: 6 item_health
  4:40 Item: 6 item_health
  4:41 Kill: 4 5 11: Grunt killed Merman by MOD_LIGHTNING
  4:41 PlayerScore: 4 4: Grunt now has 4 points
  4:43 say: Merman: Is that all?
  4:43 Item: 3 ammo_shells
  4:44 Item: 6 weapon_plasmagun
  4:44 Item: 3 ammo_shells
  4:45 Item: 2 weapon_rocketlauncher
  4:46 Item: 2 ammo_rockets
  4:46 Item: 3 ammo_shells
  4:46 Item: 2 ammo_rockets
  4:46 Item: 3 weapon_shotgun
  4:47 Item: 0 item_health
  4:49 Kill: 2 6 6: Kyonshi killed Kyonshi by MOD_ROCKET
  4:49 PlayerScore: 2 1: Kyonshi now has 1 points
  4:49 Kill: 2 2 7: Kyonshi killed Kyonshi by MOD_ROCKET_SPLASH
  4:49 PlayerScore: 2 0: Kyonshi now has 0 points
  4:50 Item: 5 ammo_cells
  4:51 Item: 0 weapon_lightning
  4:51 say: Kyonshi: that's not going to get me to say yes.
  4:52 Item: 0 ammo_lightning
  4:52 Item: 6 ammo_shells
  4:52 Item: 5 ammo_cells
  4:52 Item: 5 ammo_cells
  4:53 Item: 5 weapon_plasmagun
  4:53 Item: 6 ammo_shells
  4:53 Item: 2 weapon_shotgun
  4:54 Item: 6 ammo_shells
  4:54 Item: 3 ammo_cells
  4:54 Item: 3 weapon_plasmagun
  4:55 Item: 6 weapon_shotgun
  4:55 Kill: 1 4 6: S_Marine killed Grunt by MOD_ROCKET
  4:55 PlayerScore: 1 9: S_Marine now has 9 points
  4:57 say: Grunt: hum kah chan!
  4:58 Item: 5 ammo_rockets
  4:58 Item: 4 ammo_cells
  4:59 Item: 0 item_health_large
  5:01 Item: 3 weapon_rocketlauncher
  5:01 Item: 3 ammo_rockets
  5:02 Item: 1 weapon_shotgun
  5:02 Kill: 1022 4 22: <world> killed Grunt by MOD_TRIGGER_HURT
  5:02 PlayerScore: 4 3: Grunt now has 3 points
  5:03 Item: 6 weapon_plasmagun
  5:05 Item: 3 item_health
  5:06 Item: 4 ammo_slugs
  5:06 Item: 4 ammo_slugs
  5:07 Item: 5 weapon_railgun
  5:07 Item: 5 ammo_rockets
  5:07 Item: 6 ammo_slugs
  5:08 Item: 5 weapon_rocketlauncher
  5:09 Kill: 1022 1 22: <world> killed S_Marine by MOD_TRIGGER_HURT
  5:09 PlayerScore: 1 8: S_Marine now has 8 points
  5:11 say: S_Marine: Just seeing what it was like.
  5:11 Kill: 2 6 3: Kyonshi killed Kyonshi by MOD_MACHINEGUN
  5:11 PlayerScore: 2 1: Kyonshi now has 1 points
  5:13 Item: 3 weapon_plasmagun
  5:14 Item: 1 ammo_slugs
  5:14 Item: 6 weapon_shotgun
  5:14 Item: 3 ammo_cells
  5:16 Item: 5 item_health
  5:17 Kill: 2 1 1: Kyonshi killed S_Marine by MOD_SHOTGUN
  5:17 PlayerScore: 2 2: Kyonshi now has 2 points
  5:17 Kill: 1022 0 19: <world> killed spasz by MOD_FALLING
  5:17 PlayerScore: 0 15: spasz now has 15 points
  5:19 Item: 6 ammo_rockets
  5:20 ShutdownGame:
  5:20 ------------------------------------------------------------
  0:00 ------------------------------------------------------------
  0:00 InitGame: \com_protocol\71\g_lms_mode\0\elimination_roundtime\120\g_delagHitscan\0\g_voteMinFraglimit\0\g_voteMaxFraglimit\0\g_voteMinTimelimit\0\g_voteMaxTimelimit\1000\g_voteGametypes\/0/1/3/4/5/6/7/8/9/10/11/12/\g_allowVote\1\capturelimit\0\videoflags\7\g_maxGameClients\0\g_doWarmup\0\sv_maxclients\8\timelimit\0\fraglimit\20\dmflags\0\sv_hostname\noname\sv_minRate\0\sv_maxRate\0\sv_dlRate\100\sv_minPing\0\sv_maxPing\0\sv_floodProtect\1\g_redTeam\Stroggs\g_blueTeam\Pagans\version\ioq3 1.36+u20160122+dfsg1-1/Ubuntu linux-x86_64 Jan 22 2016\com_gamename\Quake3Arena\g_gametype\0\mapname\oacmpdm4\sv_privateClients\0\sv_allowDownload\1\bot_minplayers\0\gamename\baseoa\elimflags\0\voteflags\767\g_needpass\0\g_obeliskRespawnDelay\10\g_enableDust\0\g_enableBreath\0\g_rockets\0\g_instantgib\0\g_altExcellent\0\g_timestamp\2019-12-10 16:34:10
  0:00 Info: ServerInfo length: 835 of 1024
  0:00 ClientUserinfoChanged: 0 n\spasz\t\0\model\assassin/ghost\hmodel\assassin/ghost\g_redteam\\g_blueteam\\c1\6\c2\5\hc\100\w\0\l\0\tt\0\tl\0\id\311EEDD06FF67EB3FDECB4D71E07EE7B
  0:00 ClientConnect: 0
  0:00 ClientUserinfoChanged: 1 n\Grism\t\0\model\sarge/classic\hmodel\sarge/classic\c1\4\c2\5\hc\70\w\0\l\0\skill\ 2.00\tt\0\tl\0\id\
  0:00 ClientConnect: 1
  0:00 Info: There has been at least 1 bot now
  0:00 Playerstore: Failed to restore player. Invalid guid: 
  0:00 ClientBegin: 1
  0:00 ClientUserinfoChanged: 2 n\Andriy\t\0\model\sarge/indigo\hmodel\sarge/indigo\c1\4\c2\5\hc\70\w\0\l\0\skill\ 2.00\tt\0\tl\0\id\
  0:00 ClientConnect: 2
  0:00 Playerstore: Failed to restore player. Invalid guid: 
  0:00 ClientBegin: 2
  0:00 ClientUserinfoChanged: 0 n\spasz\t\0\model\assassin/ghost\hmodel\assassin/ghost\g_redteam\\g_blueteam\\c1\6\c2\5\hc\100\w\0\l\0\tt\0\tl\0\id\311EEDD06FF67EB3FDECB4D71E07EE7B
  0:00 ClientUserinfoChanged: 0 n\spasz\t\0\model\assassin/ghost\hmodel\assassin/ghost\g_redteam\\g_blueteam\\c1\6\c2\5\hc\100\w\0\l\0\tt\0\tl\0\id\311EEDD06FF67EB3FDECB4D71E07EE7B
  0:00 Playerstore: Nothing to restore. Guid: 311EEDD06FF67EB3FDECB4D71E07EE7B
  0:00 ClientBegin: 0
  0:01 Item: 1 weapon_plasmagun
  0:02 Item: 0 weapon_rocketlauncher
  0:02 Item: 2 ammo_cells
  0:03 Item: 2 ammo_cells
  0:04 Item: 0 ammo_lightning
  0:06 Item: 2 item_armor_shard
  0:06 Item: 2 item_armor_shard
  0:06 Item: 2 item_armor_shard
  0:07 Item: 2 ammo_rockets
  0:09 Item: 0 weapon_rocketlauncher
  0:09 Item: 2 ammo_rockets
  0:13 Item: 1 item_armor_shard
  0:15 Item: 0 item_armor_shard
  0:15 Item: 0 item_armor_shard
  0:15 Item: 0 item_armor_shard
  0:15 Item: 0 item_armor_shard
  0:15 Item: 2 item_health_small
  0:15 Item: 2 item_health_small
  0:16 Item: 1 item_health
  0:16 Item: 2 ammo_shells
  0:16 Item: 2 ammo_bullets
  0:16 Item: 1 weapon_lightning
  0:17 Item: 2 item_health_small
  0:17 Item: 2 item_health_small
  0:17 Item: 2 item_health_small
  0:18 Item: 2 item_health_small
  0:19 Item: 2 weapon_shotgun
  0:21 Item: 1 ammo_lightning
  0:26 Item: 0 weapon_railgun
  0:28 Item: 2 weapon_lightning
  0:32 Item: 0 holdable_teleporter
  0:32 Item: 1 weapon_rocketlauncher
  0:34 Item: 1 ammo_bullets
  0:36 Item: 0 weapon_railgun
  0:38 Kill: 2 1 11: Andriy killed Grism by MOD_LIGHTNING
  0:38 PlayerScore: 2 1: Andriy now has 1 points
  0:40 say: Grism: Back in my day, frags weren't so cheap.
  0:41 Item: 2 item_armor_shard
  0:41 Item: 0 ammo_bullets
  0:41 Item: 2 item_armor_shard
  0:41 Item: 2 item_armor_shard
  0:42 Item: 2 item_armor_shard
  0:42 Item: 2 item_armor_shard
  0:47 Item: 2 weapon_railgun
  0:48 Item: 1 weapon_rocketlauncher
  0:50 Item: 0 ammo_rockets
  0:52 Kill: 1022 2 22: <world> killed Andriy by MOD_TRIGGER_HURT
  0:52 PlayerScore: 2 0: Andriy now has 0 points
  0:54 say: Andriy: Well, spasz needed the help.
  0:55 Item: 2 ammo_lightning
  0:56 Item: 1 ammo_rockets
  0:56 Item: 2 weapon_rocketlauncher
  1:01 Kill: 1022 2 22: <world> killed Andriy by MOD_TRIGGER_HURT
  1:03 Item: 2 weapon_shotgun
  1:04 Item: 0 item_armor_shard
  1:04 Item: 0 item_armor_shard
  1:04 Item: 2 item_health_small
  1:04 Item: 0 item_armor_shard
  1:05 Item: 2 ammo_shells
  1:05 Item: 2 ammo_bullets
  1:05 Item: 2 item_health_small
  1:05 Item: 2 item_health_small
  1:06 Item: 2 item_health_small
  1:06 Item: 2 item_health_small
  1:12 Item: 0 item_health_small
  1:12 Item: 0 item_health_small
  1:12 Item: 0 item_health_small
  1:12 Item: 0 item_health_small
  1:12 Item: 1 weapon_railgun
  1:12 Item: 2 item_armor_shard
  1:12 Item: 0 item_health_small
  1:12 Item: 0 item_health_small
  1:13 Item: 2 item_armor_shard
  1:13 Item: 0 weapon_shotgun
  1:14 Item: 2 weapon_plasmagun
  1:15 Item: 2 ammo_cells
  1:17 Item: 0 item_armor_body
  1:18 Item: 2 item_armor_shard
  1:18 Item: 2 item_armor_shard
  1:19 Kill: 1022 0 22: <world> killed spasz by MOD_TRIGGER_HURT
  1:21 ShutdownGame:
  1:21 ------------------------------------------------------------
